============================= test session starts ==============================
platform linux -- Python 3.13.7, pytest-8.4.2, pluggy-1.6.0 -- /usr/bin/python3
cachedir: .pytest_cache
hypothesis profile 'default'
rootdir: /mnt/1ece809a-2821-4f10-aecb-fcdf34760c0b/Git/Skill_Seekers
plugins: hypothesis-6.138.16, typeguard-4.4.4, anyio-4.10.0
collecting ... ❌ Error: mcp package not installed
Install with: pip install mcp
collected 93 items
❌ Error: mcp package not installed
Install with: pip install mcp

============================ no tests ran in 0.36s =============================
